2023-08-30 13:37:07 DEBUG This is a debug message.
2023-08-30 13:37:07 INFO This is a info message.
2023-08-30 13:37:07 WARNING This is a warning message.
2023-08-30 13:37:07 ERROR This is a error message.
2023-08-30 13:37:07 CRITICAL This is a critical message.
2023-08-30 13:43:33 DEBUG This is a debug message.
2023-08-30 13:43:33 INFO This is a info message.
2023-08-30 13:43:33 WARNING This is a warning message.
2023-08-30 13:43:33 ERROR This is a error message.
2023-08-30 13:43:33 CRITICAL This is a critical message.
2023-08-30 13:43:35 DEBUG This is a debug message.
2023-08-30 13:43:35 INFO This is a info message.
2023-08-30 13:43:35 WARNING This is a warning message.
2023-08-30 13:43:35 ERROR This is a error message.
2023-08-30 13:43:35 CRITICAL This is a critical message.
2023-08-30 13:43:36 DEBUG This is a debug message.
2023-08-30 13:43:36 INFO This is a info message.
2023-08-30 13:43:36 WARNING This is a warning message.
2023-08-30 13:43:36 ERROR This is a error message.
2023-08-30 13:43:36 CRITICAL This is a critical message.
2023-08-30 13:43:40 DEBUG This is a debug message.
2023-08-30 13:43:40 INFO This is a info message.
2023-08-30 13:43:40 WARNING This is a warning message.
2023-08-30 13:43:40 ERROR This is a error message.
2023-08-30 13:43:40 CRITICAL This is a critical message.
